# JRE version: Java(TM) SE Runtime Environment (21.0.2+13) (build 21.0.2+13-LTS-58)
# Java VM: Java HotSpot(TM) 64-Bit Server VM (21.0.2+13-LTS-58, mixed mode, sharing, tiered, compressed oops, compressed class ptrs, g1 gc, windows-amd64)
GC Precious Log:
 CardTable entry size: 512
 Card Set container configuration: InlinePtr #cards 5 size 8 Array Of Cards #cards 12 size 40 Howl #buckets 4 coarsen threshold 1843 Howl Bitmap #cards 512 size 80 coarsen threshold 460 Card regions per heap region 1 cards per card region 2048
 CPUs: 2 total, 2 available
 Memory: 3062M
 Large Page Support: Disabled
 NUMA Support: Disabled
 Compressed Oops: Enabled (32-bit)
 Heap Region Size: 1M
 Heap Min Capacity: 8M
 Heap Initial Capacity: 48M
 Heap Max Capacity: 766M
 Pre-touch: Disabled
 Parallel Workers: 2
 Concurrent Workers: 1
 Concurrent Refinement Workers: 2
 Periodic GC: Disabled
Heap:
 garbage-first heap   total 49152K, used 34392K [0x00000000d0200000, 0x0000000100000000)
  region size 1024K, 11 young (11264K), 3 survivors (3072K)
 Metaspace       used 62995K, committed 63616K, reserved 1114112K
  class space    used 8560K, committed 8832K, reserved 1048576K
GC Heap History (20 events):
Event: 14.412 GC heap before
{Heap before GC invocations=6 (full 0):
 garbage-first heap   total 49152K, used 19426K [0x00000000d0200000, 0x0000000100000000)
  region size 1024K, 11 young (11264K), 4 survivors (4096K)
 Metaspace       used 21228K, committed 21504K, reserved 1114112K
  class space    used 2683K, committed 2816K, reserved 1048576K
}
Event: 14.430 GC heap after
{Heap after GC invocations=7 (full 0):
 garbage-first heap   total 49152K, used 14898K [0x00000000d0200000, 0x0000000100000000)
  region size 1024K, 4 young (4096K), 4 survivors (4096K)
 Metaspace       used 21228K, committed 21504K, reserved 1114112K
  class space    used 2683K, committed 2816K, reserved 1048576K
}
Event: 16.787 GC heap before
{Heap before GC invocations=8 (full 0):
 garbage-first heap   total 49152K, used 39474K [0x00000000d0200000, 0x0000000100000000)
  region size 1024K, 28 young (28672K), 4 survivors (4096K)
 Metaspace       used 23886K, committed 24320K, reserved 1114112K
  class space    used 3006K, committed 3200K, reserved 1048576K
}
Event: 16.802 GC heap after
{Heap after GC invocations=9 (full 0):
 garbage-first heap   total 49152K, used 16326K [0x00000000d0200000, 0x0000000100000000)
  region size 1024K, 3 young (3072K), 3 survivors (3072K)
 Metaspace       used 23886K, committed 24320K, reserved 1114112K
  class space    used 3006K, committed 3200K, reserved 1048576K
}
Event: 25.677 GC heap before
{Heap before GC invocations=9 (full 0):
 garbage-first heap   total 49152K, used 40902K [0x00000000d0200000, 0x0000000100000000)
  region size 1024K, 27 young (27648K), 3 survivors (3072K)
 Metaspace       used 28196K, committed 28672K, reserved 1114112K
  class space    used 3630K, committed 3840K, reserved 1048576K
}
Event: 25.722 GC heap after
{Heap after GC invocations=10 (full 0):
 garbage-first heap   total 49152K, used 18228K [0x00000000d0200000, 0x0000000100000000)
  region size 1024K, 3 young (3072K), 3 survivors (3072K)
 Metaspace       used 28196K, committed 28672K, reserved 1114112K
  class space    used 3630K, committed 3840K, reserved 1048576K
}
Event: 28.796 GC heap before
{Heap before GC invocations=10 (full 0):
 garbage-first heap   total 49152K, used 40756K [0x00000000d0200000, 0x0000000100000000)
  region size 1024K, 25 young (25600K), 3 survivors (3072K)
 Metaspace       used 32258K, committed 32768K, reserved 1114112K
  class space    used 4150K, committed 4352K, reserved 1048576K
}
Event: 28.810 GC heap after
{Heap after GC invocations=11 (full 0):
 garbage-first heap   total 49152K, used 20350K [0x00000000d0200000, 0x0000000100000000)
  region size 1024K, 2 young (2048K), 2 survivors (2048K)
 Metaspace       used 32258K, committed 32768K, reserved 1114112K
  class space    used 4150K, committed 4352K, reserved 1048576K
}
Event: 32.498 GC heap before
{Heap before GC invocations=11 (full 0):
 garbage-first heap   total 49152K, used 35710K [0x00000000d0200000, 0x0000000100000000)
  region size 1024K, 18 young (18432K), 2 survivors (2048K)
 Metaspace       used 35479K, committed 35968K, reserved 1114112K
  class space    used 4595K, committed 4800K, reserved 1048576K
}
Event: 32.508 GC heap after
{Heap after GC invocations=12 (full 0):
 garbage-first heap   total 49152K, used 21627K [0x00000000d0200000, 0x0000000100000000)
  region size 1024K, 2 young (2048K), 2 survivors (2048K)
 Metaspace       used 35479K, committed 35968K, reserved 1114112K
  class space    used 4595K, committed 4800K, reserved 1048576K
}
Event: 37.061 GC heap before
{Heap before GC invocations=13 (full 0):
 garbage-first heap   total 49152K, used 42107K [0x00000000d0200000, 0x0000000100000000)
  region size 1024K, 22 young (22528K), 2 survivors (2048K)
 Metaspace       used 41350K, committed 41856K, reserved 1114112K
  class space    used 5489K, committed 5696K, reserved 1048576K
}
Event: 37.069 GC heap after
{Heap after GC invocations=14 (full 0):
 garbage-first heap   total 49152K, used 22827K [0x00000000d0200000, 0x0000000100000000)
  region size 1024K, 3 young (3072K), 3 survivors (3072K)
 Metaspace       used 41350K, committed 41856K, reserved 1114112K
  class space    used 5489K, committed 5696K, reserved 1048576K
}
Event: 38.796 GC heap before
{Heap before GC invocations=14 (full 0):
 garbage-first heap   total 49152K, used 41259K [0x00000000d0200000, 0x0000000100000000)
  region size 1024K, 22 young (22528K), 3 survivors (3072K)
 Metaspace       used 47468K, committed 48000K, reserved 1114112K
  class space    used 6281K, committed 6528K, reserved 1048576K
}
Event: 38.809 GC heap after
{Heap after GC invocations=15 (full 0):
 garbage-first heap   total 49152K, used 23914K [0x00000000d0200000, 0x0000000100000000)
  region size 1024K, 3 young (3072K), 3 survivors (3072K)
 Metaspace       used 47468K, committed 48000K, reserved 1114112K
  class space    used 6281K, committed 6528K, reserved 1048576K
}
Event: 39.792 GC heap before
{Heap before GC invocations=15 (full 0):
 garbage-first heap   total 49152K, used 41322K [0x00000000d0200000, 0x0000000100000000)
  region size 1024K, 21 young (21504K), 3 survivors (3072K)
 Metaspace       used 52888K, committed 53440K, reserved 1114112K
  class space    used 7062K, committed 7296K, reserved 1048576K
}
Event: 39.802 GC heap after
{Heap after GC invocations=16 (full 0):
 garbage-first heap   total 49152K, used 25113K [0x00000000d0200000, 0x0000000100000000)
  region size 1024K, 3 young (3072K), 3 survivors (3072K)
 Metaspace       used 52888K, committed 53440K, reserved 1114112K
  class space    used 7062K, committed 7296K, reserved 1048576K
}
Event: 41.023 GC heap before
{Heap before GC invocations=16 (full 0):
 garbage-first heap   total 49152K, used 41497K [0x00000000d0200000, 0x0000000100000000)
  region size 1024K, 19 young (19456K), 3 survivors (3072K)
 Metaspace       used 57967K, committed 58624K, reserved 1114112K
  class space    used 7857K, committed 8128K, reserved 1048576K
}
Event: 41.032 GC heap after
{Heap after GC invocations=17 (full 0):
 garbage-first heap   total 49152K, used 25654K [0x00000000d0200000, 0x0000000100000000)
  region size 1024K, 2 young (2048K), 2 survivors (2048K)
 Metaspace       used 57967K, committed 58624K, reserved 1114112K
  class space    used 7857K, committed 8128K, reserved 1048576K
}
Event: 42.653 GC heap before
{Heap before GC invocations=18 (full 0):
 garbage-first heap   total 49152K, used 42038K [0x00000000d0200000, 0x0000000100000000)
  region size 1024K, 19 young (19456K), 2 survivors (2048K)
 Metaspace       used 61980K, committed 62592K, reserved 1114112K
  class space    used 8380K, committed 8640K, reserved 1048576K
}
Event: 42.665 GC heap after
{Heap after GC invocations=19 (full 0):
 garbage-first heap   total 49152K, used 27224K [0x00000000d0200000, 0x0000000100000000)
  region size 1024K, 3 young (3072K), 3 survivors (3072K)
 Metaspace       used 61980K, committed 62592K, reserved 1114112K
  class space    used 8380K, committed 8640K, reserved 1048576K
}

